LIFXActionForTasker/app/build/outputs/logs/manifest-merger-debug-report.txt
-- Merging decision tree log ---
manifest
ADDED from src/main/AndroidManifest.xml:21:1-112:12
	package
		ADDED from src/main/AndroidManifest.xml:23:5-41
		INJECTED from src/main/AndroidManifest.xml
		INJECTED from src/main/AndroidManifest.xml
	android:versionName
		ADDED from src/main/AndroidManifest.xml:26:5-31
		INJECTED from src/main/AndroidManifest.xml
		INJECTED from src/main/AndroidManifest.xml
	xmlns:tools
		ADDED from src/main/AndroidManifest.xml:22:5-51
	android:versionCode
		ADDED from src/main/AndroidManifest.xml:25:5-31
		INJECTED from src/main/AndroidManifest.xml
		INJECTED from src/main/AndroidManifest.xml
	xmlns:android
		ADDED from src/main/AndroidManifest.xml:21:11-69
	android:installLocation
		ADDED from src/main/AndroidManifest.xml:24:5-43
uses-sdk
ADDED from src/main/AndroidManifest.xml:29:5-31:41
MERGED from [com.twofortyfouram:android-plugin-client-sdk-for-locale:4.0.2] AndroidManifest.xml:8:5-10:41
MERGED from [com.twofortyfouram:android-spackle:2.0.3] AndroidManifest.xml:8:5-10:41
MERGED from [com.twofortyfouram:android-assertion:1.2.0] AndroidManifest.xml:22:5-24:41
MERGED from [com.twofortyfouram:android-annotation:2.0.1] AndroidManifest.xml:8:5-10:41
MERGED from [com.twofortyfouram:android-plugin-api-for-locale:1.0.2] AndroidManifest.xml:8:5-10:41
MERGED from [com.android.support:support-v4:23.3.0] AndroidManifest.xml:20:5-43
	android:targetSdkVersion
		ADDED from src/main/AndroidManifest.xml:31:9-38
		INJECTED from src/main/AndroidManifest.xml
		INJECTED from src/main/AndroidManifest.xml
	android:minSdkVersion
		ADDED from src/main/AndroidManifest.xml:30:9-35
		INJECTED from src/main/AndroidManifest.xml
		INJECTED from src/main/AndroidManifest.xml
uses-feature#android.hardware.touchscreen
ADDED from src/main/AndroidManifest.xml:34:5-36:36
	android:required
		ADDED from src/main/AndroidManifest.xml:36:9-33
	android:name
		ADDED from src/main/AndroidManifest.xml:35:9-52
supports-screens
ADDED from src/main/AndroidManifest.xml:39:5-44:40
	android:largeScreens
		ADDED from src/main/AndroidManifest.xml:41:9-36
	android:smallScreens
		ADDED from src/main/AndroidManifest.xml:43:9-36
	android:normalScreens
		ADDED from src/main/AndroidManifest.xml:42:9-37
	android:xlargeScreens
		ADDED from src/main/AndroidManifest.xml:44:9-37
	android:anyDensity
		ADDED from src/main/AndroidManifest.xml:40:9-34
uses-permission#android.permission.INTERNET
ADDED from src/main/AndroidManifest.xml:46:5-66
	android:name
		ADDED from src/main/AndroidManifest.xml:46:22-64
application
ADDED from src/main/AndroidManifest.xml:48:5-110:19
MERGED from [com.twofortyfouram:android-plugin-client-sdk-for-locale:4.0.2] AndroidManifest.xml:12:5-20
MERGED from [com.twofortyfouram:android-spackle:2.0.3] AndroidManifest.xml:12:5-20
MERGED from [com.twofortyfouram:android-assertion:1.2.0] AndroidManifest.xml:26:5-20
MERGED from [com.twofortyfouram:android-plugin-api-for-locale:1.0.2] AndroidManifest.xml:12:5-20
MERGED from [com.android.support:support-v4:23.3.0] AndroidManifest.xml:22:5-20
	android:label
		ADDED from src/main/AndroidManifest.xml:53:9-41
	android:hardwareAccelerated
		ADDED from src/main/AndroidManifest.xml:51:9-43
	android:uiOptions
		ADDED from src/main/AndroidManifest.xml:54:9-53
	android:allowBackup
		ADDED from src/main/AndroidManifest.xml:50:9-35
	android:icon
		ADDED from src/main/AndroidManifest.xml:52:9-43
	android:name
		ADDED from src/main/AndroidManifest.xml:49:9-68
activity#com.rawa.tasker.lifxplugin.ui.InfoActivity
ADDED from src/main/AndroidManifest.xml:60:9-69:20
	android:exported
		ADDED from src/main/AndroidManifest.xml:62:13-36
	tools:ignore
		ADDED from src/main/AndroidManifest.xml:63:13-44
	android:name
		ADDED from src/main/AndroidManifest.xml:61:13-70
intent-filter#android.intent.action.MAIN+android.intent.category.INFO
ADDED from src/main/AndroidManifest.xml:64:13-68:29
action#android.intent.action.MAIN
ADDED from src/main/AndroidManifest.xml:65:17-69
	android:name
		ADDED from src/main/AndroidManifest.xml:65:25-66
category#android.intent.category.INFO
ADDED from src/main/AndroidManifest.xml:67:17-73
	android:name
		ADDED from src/main/AndroidManifest.xml:67:27-70
activity#com.rawa.tasker.lifxplugin.ui.EditActivity
ADDED from src/main/AndroidManifest.xml:78:9-91:20
	android:label
		ADDED from src/main/AndroidManifest.xml:82:13-48
	android:exported
		ADDED from src/main/AndroidManifest.xml:80:13-36
	android:windowSoftInputMode
		ADDED from src/main/AndroidManifest.xml:84:13-55
	tools:ignore
		ADDED from src/main/AndroidManifest.xml:85:13-44
	android:uiOptions
		ADDED from src/main/AndroidManifest.xml:83:13-57
	android:icon
		ADDED from src/main/AndroidManifest.xml:81:13-47
	android:name
		ADDED from src/main/AndroidManifest.xml:79:13-70
intent-filter#com.twofortyfouram.locale.intent.action.EDIT_SETTING
ADDED from src/main/AndroidManifest.xml:88:13-90:29
action#com.twofortyfouram.locale.intent.action.EDIT_SETTING
ADDED from src/main/AndroidManifest.xml:89:17-95
	android:name
		ADDED from src/main/AndroidManifest.xml:89:25-92
receiver#com.rawa.tasker.lifxplugin.receiver.FireReceiver
ADDED from src/main/AndroidManifest.xml:99:9-109:20
	android:process
		ADDED from src/main/AndroidManifest.xml:102:13-42
	android:exported
		ADDED from src/main/AndroidManifest.xml:101:13-36
	tools:ignore
		ADDED from src/main/AndroidManifest.xml:103:13-44
	android:name
		ADDED from src/main/AndroidManifest.xml:100:13-76
intent-filter#com.twofortyfouram.locale.intent.action.FIRE_SETTING
ADDED from src/main/AndroidManifest.xml:106:13-108:29
action#com.twofortyfouram.locale.intent.action.FIRE_SETTING
ADDED from src/main/AndroidManifest.xml:107:17-95
	android:name
		ADDED from src/main/AndroidManifest.xml:107:25-92